TN:
SF:src/Lending.sol
FN:49,Lending.
FNDA:0,Lending.
DA:58,0
DA:59,0
DA:60,0
DA:61,0
DA:62,0
DA:63,0
DA:64,0
DA:65,0
FN:68,Lending.depositCollateral
FNDA:1032,Lending.depositCollateral
DA:69,1032
DA:71,1032
DA:73,1032
DA:75,1032
FN:78,Lending.withdrawCollateral
FNDA:258,Lending.withdrawCollateral
DA:79,258
DA:81,258
DA:83,258
DA:85,258
FN:88,Lending.depositLoanToken
FNDA:1032,Lending.depositLoanToken
DA:89,1032
DA:91,1032
DA:93,1032
DA:95,1032
DA:96,1032
DA:97,1032
DA:99,1032
FN:102,Lending.withdrawLoanToken
FNDA:258,Lending.withdrawLoanToken
DA:103,258
DA:105,258
DA:107,258
DA:108,258
DA:109,258
DA:111,258
DA:113,258
FN:116,Lending.borrow
FNDA:516,Lending.borrow
DA:117,516
DA:119,516
DA:121,516
DA:123,516
DA:125,516
BRDA:125,0,0,-
DA:127,516
DA:129,516
DA:130,516
DA:131,516
DA:133,516
DA:135,516
FN:138,Lending.repay
FNDA:258,Lending.repay
DA:139,258
DA:141,258
DA:143,258
DA:144,258
DA:145,258
DA:147,258
DA:149,258
FN:152,Lending.getUserPosition
FNDA:1548,Lending.getUserPosition
DA:153,1548
FN:156,Lending._accrueInterest
FNDA:3354,Lending._accrueInterest
DA:157,3354
DA:158,3354
FN:161,Lending._toSharesDown
FNDA:1806,Lending._toSharesDown
DA:162,1806
FN:165,Lending._toAssetsDown
FNDA:774,Lending._toAssetsDown
DA:166,774
FNF:11
FNH:10
LF:53
LH:45
BRF:1
BRH:0
end_of_record
TN:
SF:test/mocks/OracleMock.sol
FN:9,OracleMock.setPrice
FNDA:6,OracleMock.setPrice
DA:10,6
FN:13,OracleMock.price
FNDA:1032,OracleMock.price
DA:14,1032
FN:17,OracleMock.decimals
FNDA:6,OracleMock.decimals
DA:18,6
FNF:3
FNH:3
LF:3
LH:3
BRF:0
BRH:0
end_of_record
