TN:
SF:src/Lending.sol
FN:46,Lending.
FNDA:0,Lending.
DA:55,0
DA:56,0
DA:57,0
DA:58,0
DA:59,0
DA:60,0
DA:61,0
DA:62,0
DA:64,0
FN:67,Lending.depositCollateral
FNDA:1548,Lending.depositCollateral
DA:68,1548
DA:70,1548
DA:72,1548
DA:74,1548
FN:77,Lending.withdrawCollateral
FNDA:258,Lending.withdrawCollateral
DA:78,258
DA:80,258
DA:82,258
DA:84,258
FN:87,Lending.depositLoanToken
FNDA:1548,Lending.depositLoanToken
DA:88,1548
DA:90,1548
DA:92,1548
DA:94,1548
DA:95,1548
DA:96,1548
DA:98,1548
FN:101,Lending.withdrawLoanToken
FNDA:258,Lending.withdrawLoanToken
DA:102,258
DA:104,258
DA:106,258
DA:107,258
DA:108,258
DA:110,258
DA:112,258
FN:115,Lending.borrow
FNDA:1032,Lending.borrow
DA:116,1032
DA:118,1032
DA:120,1032
DA:122,1032
DA:124,1032
BRDA:124,0,0,258
DA:126,774
DA:128,774
DA:129,774
DA:130,774
DA:132,774
DA:134,774
FN:137,Lending.repay
FNDA:258,Lending.repay
DA:138,258
DA:140,258
DA:142,258
DA:143,258
DA:144,258
DA:146,258
DA:148,258
FN:151,Lending.accrueInterest
FNDA:258,Lending.accrueInterest
DA:152,258
FN:155,Lending.getUserPosition
FNDA:1548,Lending.getUserPosition
DA:156,1548
FN:159,Lending._accrueInterest
FNDA:5160,Lending._accrueInterest
DA:160,5160
DA:161,5160
DA:164,258
DA:166,258
DA:167,258
FN:170,Lending._toSharesDown
FNDA:2580,Lending._toSharesDown
DA:171,2580
FN:174,Lending._toAssetsDown
FNDA:1290,Lending._toAssetsDown
DA:175,1290
FNF:12
FNH:11
LF:58
LH:49
BRF:1
BRH:1
end_of_record
TN:
SF:test/mocks/OracleMock.sol
FN:9,OracleMock.setPrice
FNDA:8,OracleMock.setPrice
DA:10,8
FN:13,OracleMock.price
FNDA:2064,OracleMock.price
DA:14,2064
FN:17,OracleMock.decimals
FNDA:8,OracleMock.decimals
DA:18,8
FNF:3
FNH:3
LF:3
LH:3
BRF:0
BRH:0
end_of_record
